
4월 12, 2022 14:47:34.885 NEW SESSION
4월 12, 2022 14:47:34.885 [16004:12100:0412/144734.884:ERROR:device_event_log_impl.cc(214)] [14:47:34.884] Bluetooth: bluetooth_adapter_winrt.cc:1075 Getting Default Adapter failed.
4월 12, 2022 14:48:32.786 [16004:4336:0412/144832.786:ERROR:util.cc(126)] Can't create base directory: C:\Program Files\Google\GoogleUpdater

4월 12, 2022 15:25:27.561 NEW SESSION
4월 12, 2022 15:25:27.561 [10840:13012:0412/152527.560:ERROR:device_event_log_impl.cc(214)] [15:25:27.560] Bluetooth: bluetooth_adapter_winrt.cc:1075 Getting Default Adapter failed.
4월 12, 2022 15:26:25.470 [10840:5016:0412/152625.470:ERROR:util.cc(126)] Can't create base directory: C:\Program Files\Google\GoogleUpdater
4월 12, 2022 15:28:38.360 [8888:15480:0412/152838.360:ERROR:device_event_log_impl.cc(214)] [15:28:38.360] Bluetooth: bluetooth_adapter_winrt.cc:1075 Getting Default Adapter failed.
4월 12, 2022 15:29:36.331 [8888:9996:0412/152936.331:ERROR:util.cc(126)] Can't create base directory: C:\Program Files\Google\GoogleUpdater
4월 12, 2022 17:24:28.913 [8888:15480:0412/172428.913:ERROR:interface_endpoint_client.cc(659)] Message 1 rejected by interface blink.mojom.WidgetHost
4월 12, 2022 17:50:59.516 [4056:12488:0412/175059.516:ERROR:device_event_log_impl.cc(214)] [17:50:59.515] Bluetooth: bluetooth_adapter_winrt.cc:1075 Getting Default Adapter failed.
4월 12, 2022 17:51:15.630 [10204:14104:0412/175115.630:ERROR:device_event_log_impl.cc(214)] [17:51:15.630] Bluetooth: bluetooth_adapter_winrt.cc:1075 Getting Default Adapter failed.
4월 12, 2022 17:52:13.586 [10204:10568:0412/175213.585:ERROR:util.cc(126)] Can't create base directory: C:\Program Files\Google\GoogleUpdater

4월 14, 2022 21:48:33.477 NEW SESSION
4월 14, 2022 21:48:33.478 [11092:7920:0414/214833.476:ERROR:device_event_log_impl.cc(214)] [21:48:33.477] Bluetooth: bluetooth_adapter_winrt.cc:1075 Getting Default Adapter failed.

4월 15, 2022 13:35:18.117 NEW SESSION
4월 15, 2022 13:35:18.117 [7908:1584:0415/133518.115:ERROR:device_event_log_impl.cc(214)] [13:35:18.115] Bluetooth: bluetooth_adapter_winrt.cc:1075 Getting Default Adapter failed.
4월 15, 2022 14:36:34.645 [8996:6432:0415/143634.645:ERROR:device_event_log_impl.cc(214)] [14:36:34.645] Bluetooth: bluetooth_adapter_winrt.cc:1075 Getting Default Adapter failed.
4월 15, 2022 14:37:32.639 [8996:5708:0415/143732.638:ERROR:util.cc(126)] Can't create base directory: C:\Program Files\Google\GoogleUpdater
4월 15, 2022 15:19:24.295 [8996:6432:0415/151924.295:ERROR:interface_endpoint_client.cc(659)] Message 1 rejected by interface blink.mojom.WidgetHost
4월 15, 2022 15:19:24.295 [8996:6432:0415/151924.295:ERROR:interface_endpoint_client.cc(659)] Message 1 rejected by interface blink.mojom.WidgetHost
4월 15, 2022 16:02:28.976 [8996:6432:0415/160228.976:ERROR:interface_endpoint_client.cc(659)] Message 1 rejected by interface blink.mojom.WidgetHost
4월 15, 2022 17:05:02.648 [6604:11660:0415/170502.648:ERROR:device_event_log_impl.cc(214)] [17:05:02.648] Bluetooth: bluetooth_adapter_winrt.cc:1075 Getting Default Adapter failed.
4월 15, 2022 17:06:00.533 [6604:9480:0415/170600.533:ERROR:util.cc(126)] Can't create base directory: C:\Program Files\Google\GoogleUpdater

4월 18, 2022 14:30:18.276 NEW SESSION
4월 18, 2022 14:30:18.276 [10680:8300:0418/143018.275:ERROR:device_event_log_impl.cc(214)] [14:30:18.275] Bluetooth: bluetooth_adapter_winrt.cc:1075 Getting Default Adapter failed.
4월 18, 2022 14:50:27.487 [976:4504:0418/145027.487:ERROR:device_event_log_impl.cc(214)] [14:50:27.488] Bluetooth: bluetooth_adapter_winrt.cc:1075 Getting Default Adapter failed.
4월 18, 2022 14:51:25.432 [976:10076:0418/145125.431:ERROR:util.cc(126)] Can't create base directory: C:\Program Files\Google\GoogleUpdater
4월 18, 2022 15:09:18.936 [976:4504:0418/150918.936:ERROR:interface_endpoint_client.cc(659)] Message 1 rejected by interface blink.mojom.WidgetHost
4월 18, 2022 15:52:30.237 [976:4504:0418/155230.237:ERROR:interface_endpoint_client.cc(659)] Message 1 rejected by interface blink.mojom.WidgetHost
4월 18, 2022 16:01:00.482 [976:4504:0418/160100.482:ERROR:interface_endpoint_client.cc(659)] Message 1 rejected by interface blink.mojom.WidgetHost

4월 19, 2022 09:22:09.333 NEW SESSION
4월 19, 2022 09:22:09.333 [9036:9440:0419/092209.332:ERROR:device_event_log_impl.cc(214)] [09:22:09.332] Bluetooth: bluetooth_adapter_winrt.cc:1075 Getting Default Adapter failed.
4월 19, 2022 09:23:07.312 [9036:9548:0419/092307.311:ERROR:util.cc(126)] Can't create base directory: C:\Program Files\Google\GoogleUpdater
4월 19, 2022 10:17:29.767 [9036:9440:0419/101729.767:ERROR:interface_endpoint_client.cc(659)] Message 1 rejected by interface blink.mojom.WidgetHost
4월 19, 2022 10:17:29.768 [9036:9440:0419/101729.767:ERROR:interface_endpoint_client.cc(659)] Message 1 rejected by interface blink.mojom.WidgetHost
4월 19, 2022 10:17:29.768 [9036:9440:0419/101729.767:ERROR:interface_endpoint_client.cc(659)] Message 1 rejected by interface blink.mojom.WidgetHost
4월 19, 2022 11:28:51.363 [9036:9440:0419/112851.363:ERROR:interface_endpoint_client.cc(659)] Message 1 rejected by interface blink.mojom.WidgetHost
4월 19, 2022 12:01:00.942 [9036:9440:0419/120100.941:ERROR:interface_endpoint_client.cc(659)] Message 1 rejected by interface blink.mojom.WidgetHost
4월 19, 2022 12:05:47.923 [9036:9440:0419/120547.923:ERROR:interface_endpoint_client.cc(659)] Message 1 rejected by interface blink.mojom.WidgetHost
4월 19, 2022 12:11:12.874 [9036:9440:0419/121112.874:ERROR:interface_endpoint_client.cc(659)] Message 1 rejected by interface blink.mojom.WidgetHost
4월 19, 2022 12:37:45.852 [9036:9440:0419/123745.852:ERROR:interface_endpoint_client.cc(659)] Message 1 rejected by interface blink.mojom.WidgetHost
4월 19, 2022 12:42:36.334 [10392:10748:0419/124236.334:ERROR:device_event_log_impl.cc(214)] [12:42:36.333] Bluetooth: bluetooth_adapter_winrt.cc:1075 Getting Default Adapter failed.
4월 19, 2022 12:43:34.256 [10392:4376:0419/124334.256:ERROR:util.cc(126)] Can't create base directory: C:\Program Files\Google\GoogleUpdater

4월 20, 2022 09:40:01.641 NEW SESSION
4월 20, 2022 09:40:01.641 [11320:4616:0420/094001.639:ERROR:account_info_fetcher.cc(62)] OnGetTokenFailure: Invalid credentials (credentials rejected by client).
4월 20, 2022 09:40:03.942 [11320:4616:0420/094003.942:ERROR:device_event_log_impl.cc(214)] [09:40:03.942] Bluetooth: bluetooth_adapter_winrt.cc:1075 Getting Default Adapter failed.
4월 20, 2022 09:40:09.444 [10360:5020:0420/094009.444:ERROR:device_event_log_impl.cc(214)] [09:40:09.444] Bluetooth: bluetooth_adapter_winrt.cc:1075 Getting Default Adapter failed.
4월 20, 2022 09:41:07.328 [10360:9824:0420/094107.327:ERROR:util.cc(126)] Can't create base directory: C:\Program Files\Google\GoogleUpdater

4월 20, 2022 12:10:29.328 NEW SESSION
4월 20, 2022 12:10:29.328 [6036:4236:0420/121029.328:ERROR:device_event_log_impl.cc(214)] [12:10:29.327] Bluetooth: bluetooth_adapter_winrt.cc:1075 Getting Default Adapter failed.
4월 20, 2022 12:11:26.834 [6036:10396:0420/121126.834:ERROR:util.cc(126)] Can't create base directory: C:\Program Files\Google\GoogleUpdater

4월 21, 2022 15:10:19.477 NEW SESSION
4월 21, 2022 15:10:19.477 [5536:7576:0421/151019.476:ERROR:device_event_log_impl.cc(214)] [15:10:19.476] Bluetooth: bluetooth_adapter_winrt.cc:1075 Getting Default Adapter failed.
4월 21, 2022 15:11:17.450 [5536:3764:0421/151117.450:ERROR:util.cc(126)] Can't create base directory: C:\Program Files\Google\GoogleUpdater
4월 21, 2022 15:16:14.233 [5536:7576:0421/151614.232:ERROR:interface_endpoint_client.cc(659)] Message 1 rejected by interface blink.mojom.WidgetHost
4월 21, 2022 15:16:14.233 [5536:7576:0421/151614.232:ERROR:interface_endpoint_client.cc(659)] Message 1 rejected by interface blink.mojom.WidgetHost
4월 21, 2022 15:17:22.974 [12736:10260:0421/151722.974:ERROR:device_event_log_impl.cc(214)] [15:17:22.974] Bluetooth: bluetooth_adapter_winrt.cc:1075 Getting Default Adapter failed.
4월 21, 2022 15:18:20.951 [12736:300:0421/151820.951:ERROR:util.cc(126)] Can't create base directory: C:\Program Files\Google\GoogleUpdater
4월 21, 2022 16:28:30.311 [12736:10260:0421/162830.310:ERROR:interface_endpoint_client.cc(659)] Message 1 rejected by interface blink.mojom.WidgetHost

4월 22, 2022 09:48:25.706 NEW SESSION
4월 22, 2022 09:48:25.706 [5676:2508:0422/094825.690:ERROR:account_info_fetcher.cc(62)] OnGetTokenFailure: Invalid credentials (credentials rejected by client).
4월 22, 2022 09:48:29.571 [5676:2508:0422/094829.570:ERROR:device_event_log_impl.cc(214)] [09:48:29.570] Bluetooth: bluetooth_adapter_winrt.cc:1075 Getting Default Adapter failed.
4월 22, 2022 09:49:25.691 [5676:9880:0422/094925.690:ERROR:util.cc(126)] Can't create base directory: C:\Program Files\Google\GoogleUpdater
4월 22, 2022 11:49:31.294 [1712:12680:0422/114931.294:ERROR:device_event_log_impl.cc(214)] [11:49:31.294] Bluetooth: bluetooth_adapter_winrt.cc:1075 Getting Default Adapter failed.
4월 22, 2022 11:50:29.263 [1712:8000:0422/115029.263:ERROR:util.cc(126)] Can't create base directory: C:\Program Files\Google\GoogleUpdater

4월 25, 2022 14:52:26.461 NEW SESSION
4월 25, 2022 14:52:26.461 [10992:6192:0425/145226.460:ERROR:device_event_log_impl.cc(214)] [14:52:26.460] Bluetooth: bluetooth_adapter_winrt.cc:1075 Getting Default Adapter failed.
4월 25, 2022 14:53:24.407 [10992:5032:0425/145324.406:ERROR:util.cc(126)] Can't create base directory: C:\Program Files\Google\GoogleUpdater

4월 27, 2022 17:39:57.532 NEW SESSION
4월 27, 2022 17:39:57.533 [6620:15164:0427/173957.530:ERROR:device_event_log_impl.cc(214)] [17:39:57.530] Bluetooth: bluetooth_adapter_winrt.cc:1075 Getting Default Adapter failed.
4월 27, 2022 17:40:53.598 [6620:11580:0427/174053.598:ERROR:util.cc(126)] Can't create base directory: C:\Program Files\Google\GoogleUpdater
4월 27, 2022 17:49:11.480 [7232:13684:0427/174911.480:ERROR:device_event_log_impl.cc(214)] [17:49:11.480] Bluetooth: bluetooth_adapter_winrt.cc:1075 Getting Default Adapter failed.
4월 27, 2022 17:50:08.584 [7232:11024:0427/175008.584:ERROR:util.cc(126)] Can't create base directory: C:\Program Files\Google\GoogleUpdater

4월 28, 2022 14:23:45.874 NEW SESSION
4월 28, 2022 14:23:45.874 [7640:14836:0428/142345.873:ERROR:device_event_log_impl.cc(214)] [14:23:45.873] Bluetooth: bluetooth_adapter_winrt.cc:1075 Getting Default Adapter failed.
4월 28, 2022 14:24:42.629 [7640:15104:0428/142442.629:ERROR:util.cc(126)] Can't create base directory: C:\Program Files\Google\GoogleUpdater
4월 28, 2022 17:04:21.181 [14308:448:0428/170421.180:ERROR:device_event_log_impl.cc(214)] [17:04:21.181] Bluetooth: bluetooth_adapter_winrt.cc:1075 Getting Default Adapter failed.
4월 28, 2022 17:05:18.163 [14308:2124:0428/170518.162:ERROR:util.cc(126)] Can't create base directory: C:\Program Files\Google\GoogleUpdater

4월 29, 2022 14:16:24.101 NEW SESSION
4월 29, 2022 14:16:24.101 [12588:11760:0429/141624.100:ERROR:device_event_log_impl.cc(214)] [14:16:24.100] Bluetooth: bluetooth_adapter_winrt.cc:1075 Getting Default Adapter failed.
4월 29, 2022 14:17:21.349 [12588:14280:0429/141721.349:ERROR:util.cc(126)] Can't create base directory: C:\Program Files\Google\GoogleUpdater
4월 29, 2022 15:18:11.252 [12588:11760:0429/151811.252:ERROR:interface_endpoint_client.cc(659)] Message 0 rejected by interface blink.mojom.WidgetHost
4월 29, 2022 17:24:07.428 [6952:10096:0429/172407.428:ERROR:device_event_log_impl.cc(214)] [17:24:07.429] Bluetooth: bluetooth_adapter_winrt.cc:1075 Getting Default Adapter failed.
4월 29, 2022 17:25:04.859 [6952:8652:0429/172504.859:ERROR:util.cc(126)] Can't create base directory: C:\Program Files\Google\GoogleUpdater
4월 29, 2022 17:48:50.420 [6952:10096:0429/174850.420:ERROR:interface_endpoint_client.cc(659)] Message 1 rejected by interface blink.mojom.WidgetHost
4월 29, 2022 17:50:12.336 [6952:10096:0429/175012.336:ERROR:interface_endpoint_client.cc(659)] Message 1 rejected by interface blink.mojom.WidgetHost
4월 29, 2022 17:51:10.34 [6952:10096:0429/175110.034:ERROR:interface_endpoint_client.cc(659)] Message 1 rejected by interface blink.mojom.WidgetHost

5월 02, 2022 14:16:21.423 NEW SESSION
5월 02, 2022 14:16:21.423 [11584:10572:0502/141621.423:ERROR:device_event_log_impl.cc(214)] [14:16:21.422] Bluetooth: bluetooth_adapter_winrt.cc:1075 Getting Default Adapter failed.
5월 02, 2022 14:17:19.376 [11584:14384:0502/141719.375:ERROR:util.cc(126)] Can't create base directory: C:\Program Files\Google\GoogleUpdater
5월 02, 2022 15:00:24.716 [11584:10572:0502/150024.716:ERROR:interface_endpoint_client.cc(659)] Message 1 rejected by interface blink.mojom.WidgetHost
5월 02, 2022 15:42:41.845 [14520:768:0502/154241.845:ERROR:device_event_log_impl.cc(214)] [15:42:41.846] Bluetooth: bluetooth_adapter_winrt.cc:1075 Getting Default Adapter failed.
5월 02, 2022 15:43:39.458 [14520:15420:0502/154339.458:ERROR:util.cc(126)] Can't create base directory: C:\Program Files\Google\GoogleUpdater
5월 02, 2022 15:49:35.508 [13624:14396:0502/154935.508:ERROR:device_event_log_impl.cc(214)] [15:49:35.508] Bluetooth: bluetooth_adapter_winrt.cc:1075 Getting Default Adapter failed.
5월 02, 2022 15:50:33.489 [13624:16240:0502/155033.488:ERROR:util.cc(126)] Can't create base directory: C:\Program Files\Google\GoogleUpdater
5월 02, 2022 16:00:42.199 [6024:16332:0502/160042.198:ERROR:device_event_log_impl.cc(214)] [16:00:42.199] Bluetooth: bluetooth_adapter_winrt.cc:1075 Getting Default Adapter failed.
5월 02, 2022 16:01:40.171 [6024:14412:0502/160140.171:ERROR:util.cc(126)] Can't create base directory: C:\Program Files\Google\GoogleUpdater
5월 02, 2022 16:20:33.457 [6024:16332:0502/162033.457:ERROR:interface_endpoint_client.cc(659)] Message 1 rejected by interface blink.mojom.WidgetHost
5월 02, 2022 16:21:26.106 [6024:16332:0502/162126.105:ERROR:interface_endpoint_client.cc(659)] Message 1 rejected by interface blink.mojom.WidgetHost
5월 02, 2022 16:23:06.530 [6024:16332:0502/162306.530:ERROR:interface_endpoint_client.cc(659)] Message 1 rejected by interface blink.mojom.WidgetHost
5월 02, 2022 16:27:16.725 [6024:16332:0502/162716.725:ERROR:interface_endpoint_client.cc(659)] Message 1 rejected by interface blink.mojom.WidgetHost

5월 05, 2022 22:31:03.405 NEW SESSION
5월 05, 2022 22:31:03.405 [11236:14912:0505/223103.404:ERROR:device_event_log_impl.cc(214)] [22:31:03.403] Bluetooth: bluetooth_adapter_winrt.cc:1075 Getting Default Adapter failed.

5월 12, 2022 15:33:44.742 NEW SESSION
5월 12, 2022 15:33:44.742 [12692:7404:0512/153344.741:ERROR:device_event_log_impl.cc(214)] [15:33:44.741] Bluetooth: bluetooth_adapter_winrt.cc:1075 Getting Default Adapter failed.
5월 12, 2022 15:35:32.811 [13056:6556:0512/153532.811:ERROR:device_event_log_impl.cc(214)] [15:35:32.811] Bluetooth: bluetooth_adapter_winrt.cc:1075 Getting Default Adapter failed.
5월 12, 2022 15:36:30.777 [13056:13216:0512/153630.777:ERROR:util.cc(126)] Can't create base directory: C:\Program Files\Google\GoogleUpdater
5월 12, 2022 15:42:33.139 [7220:11464:0512/154233.139:ERROR:device_event_log_impl.cc(214)] [15:42:33.139] Bluetooth: bluetooth_adapter_winrt.cc:1075 Getting Default Adapter failed.
5월 12, 2022 15:43:31.94 [7220:12756:0512/154331.093:ERROR:util.cc(126)] Can't create base directory: C:\Program Files\Google\GoogleUpdater
5월 12, 2022 15:57:54.419 [7220:11464:0512/155754.418:ERROR:interface_endpoint_client.cc(665)] Message 0 rejected by interface blink.mojom.WidgetHost
